0 info it worked if it ends with ok
1 verbose cli [ 'C:\\Program Files\\nodejs\\node.exe',
1 verbose cli   'C:\\Program Files\\nodejs\\node_modules\\npm\\bin\\npm-cli.js',
1 verbose cli   'install',
1 verbose cli   'bcrypt',
1 verbose cli   '--save' ]
2 info using npm@2.15.1
3 info using node@v4.4.3
4 verbose install initial load of C:\Users\nitins\workspace\idea\package.json
5 verbose installManyTop reading scoped package data from C:\Users\nitins\workspace\idea\node_modules\body-parser\package.json
6 verbose installManyTop reading scoped package data from C:\Users\nitins\workspace\idea\node_modules\chalk\package.json
7 verbose installManyTop reading scoped package data from C:\Users\nitins\workspace\idea\node_modules\ejs\package.json
8 verbose installManyTop reading scoped package data from C:\Users\nitins\workspace\idea\node_modules\express\package.json
9 verbose installManyTop reading scoped package data from C:\Users\nitins\workspace\idea\node_modules\express-session\package.json
10 verbose installManyTop reading scoped package data from C:\Users\nitins\workspace\idea\node_modules\mongoose\package.json
11 info package.json express@3.2.6 No license field.
12 verbose readDependencies loading dependencies from C:\Users\nitins\workspace\idea\package.json
13 silly cache add args [ 'bcrypt', null ]
14 verbose cache add spec bcrypt
15 silly cache add parsed spec Result {
15 silly cache add   raw: 'bcrypt',
15 silly cache add   scope: null,
15 silly cache add   name: 'bcrypt',
15 silly cache add   rawSpec: '',
15 silly cache add   spec: 'latest',
15 silly cache add   type: 'tag' }
16 silly addNamed bcrypt@latest
17 verbose addNamed "latest" is being treated as a dist-tag for bcrypt
18 info addNameTag [ 'bcrypt', 'latest' ]
19 silly mapToRegistry name bcrypt
20 silly mapToRegistry using default registry
21 silly mapToRegistry registry https://registry.npmjs.org/
22 silly mapToRegistry data Result {
22 silly mapToRegistry   raw: 'bcrypt',
22 silly mapToRegistry   scope: null,
22 silly mapToRegistry   name: 'bcrypt',
22 silly mapToRegistry   rawSpec: '',
22 silly mapToRegistry   spec: 'latest',
22 silly mapToRegistry   type: 'tag' }
23 silly mapToRegistry uri https://registry.npmjs.org/bcrypt
24 verbose addNameTag registry:https://registry.npmjs.org/bcrypt not in flight; fetching
25 verbose request uri https://registry.npmjs.org/bcrypt
26 verbose request no auth needed
27 info attempt registry request try #1 at 8:32:42 PM
28 verbose request id ea5dbbfb39bef355
29 verbose etag "DF3EBQ6WR5SIL9XWFAS173WIC"
30 http request GET https://registry.npmjs.org/bcrypt
31 info retry will retry, error on last attempt: Error: getaddrinfo ENOTFOUND registry.npmjs.org registry.npmjs.org:443
32 info attempt registry request try #2 at 8:33:04 PM
33 verbose etag "DF3EBQ6WR5SIL9XWFAS173WIC"
34 http request GET https://registry.npmjs.org/bcrypt
35 info retry will retry, error on last attempt: Error: getaddrinfo ENOTFOUND registry.npmjs.org registry.npmjs.org:443
36 info attempt registry request try #3 at 8:34:04 PM
37 verbose etag "DF3EBQ6WR5SIL9XWFAS173WIC"
38 http request GET https://registry.npmjs.org/bcrypt
39 silly get cb [ 304, undefined ]
40 verbose etag https://registry.npmjs.org/bcrypt from cache
41 verbose get saving bcrypt to C:\Users\nitins\AppData\Roaming\npm-cache\registry.npmjs.org\bcrypt\.cache.json
42 verbose correctMkdir C:\Users\nitins\AppData\Roaming\npm-cache correctMkdir not in flight; initializing
43 silly addNameTag next cb for bcrypt with tag latest
44 silly addNamed bcrypt@0.8.6
45 verbose addNamed "0.8.6" is a plain semver version for bcrypt
46 silly cache afterAdd bcrypt@0.8.6
47 verbose afterAdd C:\Users\nitins\AppData\Roaming\npm-cache\bcrypt\0.8.6\package\package.json not in flight; writing
48 verbose correctMkdir C:\Users\nitins\AppData\Roaming\npm-cache correctMkdir not in flight; initializing
49 verbose afterAdd C:\Users\nitins\AppData\Roaming\npm-cache\bcrypt\0.8.6\package\package.json written
50 silly install resolved [ { name: 'bcrypt',
50 silly install resolved     description: 'A bcrypt library for NodeJS.',
50 silly install resolved     keywords:
50 silly install resolved      [ 'bcrypt',
50 silly install resolved        'password',
50 silly install resolved        'auth',
50 silly install resolved        'authentication',
50 silly install resolved        'encryption',
50 silly install resolved        'crypt',
50 silly install resolved        'crypto' ],
50 silly install resolved     main: './bcrypt',
50 silly install resolved     version: '0.8.6',
50 silly install resolved     author: { name: 'Nick Campbell', url: 'https://github.com/ncb000gt' },
50 silly install resolved     engines: { node: '>= 0.6.0' },
50 silly install resolved     repository:
50 silly install resolved      { type: 'git',
50 silly install resolved        url: 'git+https://github.com/ncb000gt/node.bcrypt.js.git' },
50 silly install resolved     license: 'MIT',
50 silly install resolved     bugs: { url: 'https://github.com/ncb000gt/node.bcrypt.js/issues' },
50 silly install resolved     scripts:
50 silly install resolved      { test: 'node-gyp configure build && nodeunit test',
50 silly install resolved        install: 'node-gyp rebuild' },
50 silly install resolved     dependencies: { bindings: '1.2.1', nan: '2.2.1' },
50 silly install resolved     devDependencies: { nodeunit: '~0.9.1' },
50 silly install resolved     contributors:
50 silly install resolved      [ [Object],
50 silly install resolved        [Object],
50 silly install resolved        [Object],
50 silly install resolved        [Object],
50 silly install resolved        [Object],
50 silly install resolved        [Object],
50 silly install resolved        [Object],
50 silly install resolved        [Object],
50 silly install resolved        [Object],
50 silly install resolved        [Object],
50 silly install resolved        [Object],
50 silly install resolved        [Object],
50 silly install resolved        [Object],
50 silly install resolved        [Object] ],
50 silly install resolved     gypfile: true,
50 silly install resolved     gitHead: '10f0f99232cea96446e95bf128f718b87aec3237',
50 silly install resolved     homepage: 'https://github.com/ncb000gt/node.bcrypt.js#readme',
50 silly install resolved     _id: 'bcrypt@0.8.6',
50 silly install resolved     _shasum: '182164f7d5e1de94ddd797473efd48b57b1f04b4',
50 silly install resolved     _from: 'bcrypt@latest',
50 silly install resolved     _npmVersion: '3.8.3',
50 silly install resolved     _nodeVersion: '5.10.1',
50 silly install resolved     _npmUser: { name: 'defunctzombie', email: 'shtylman@gmail.com' },
50 silly install resolved     dist:
50 silly install resolved      { shasum: '182164f7d5e1de94ddd797473efd48b57b1f04b4',
50 silly install resolved        tarball: 'https://registry.npmjs.org/bcrypt/-/bcrypt-0.8.6.tgz' },
50 silly install resolved     maintainers: [ [Object], [Object], [Object], [Object] ],
50 silly install resolved     _npmOperationalInternal:
50 silly install resolved      { host: 'packages-12-west.internal.npmjs.com',
50 silly install resolved        tmp: 'tmp/bcrypt-0.8.6.tgz_1461200578042_0.6844706872943789' },
50 silly install resolved     directories: {},
50 silly install resolved     _resolved: 'https://registry.npmjs.org/bcrypt/-/bcrypt-0.8.6.tgz',
50 silly install resolved     readme: 'ERROR: No README data found!' } ]
51 info install bcrypt@0.8.6 into C:\Users\nitins\workspace\idea
52 info installOne bcrypt@0.8.6
53 verbose installOne of bcrypt to C:\Users\nitins\workspace\idea not in flight; installing
54 verbose correctMkdir C:\Users\nitins\AppData\Roaming\npm-cache\_locks correctMkdir not in flight; initializing
55 verbose lock using C:\Users\nitins\AppData\Roaming\npm-cache\_locks\bcrypt-6d21fda6793bb482.lock for C:\Users\nitins\workspace\idea\node_modules\bcrypt
56 silly install write writing bcrypt 0.8.6 to C:\Users\nitins\workspace\idea\node_modules\bcrypt
57 verbose unbuild node_modules\bcrypt
58 silly gentlyRm C:\Users\nitins\workspace\idea\node_modules\bcrypt is being purged from base C:\Users\nitins\workspace\idea
59 verbose gentlyRm don't care about contents; nuking C:\Users\nitins\workspace\idea\node_modules\bcrypt
60 verbose tar unpack C:\Users\nitins\AppData\Roaming\npm-cache\bcrypt\0.8.6\package.tgz
61 verbose tar unpacking to C:\Users\nitins\workspace\idea\node_modules\bcrypt
62 silly gentlyRm C:\Users\nitins\workspace\idea\node_modules\bcrypt is being purged
63 verbose gentlyRm don't care about contents; nuking C:\Users\nitins\workspace\idea\node_modules\bcrypt
64 silly gunzTarPerm modes [ '777', '666' ]
65 silly gunzTarPerm extractEntry package.json
66 silly gunzTarPerm modified mode [ 'package.json', 420, 438 ]
67 silly gunzTarPerm extractEntry .npmignore
68 silly gunzTarPerm modified mode [ '.npmignore', 420, 438 ]
69 silly gunzTarPerm extractEntry README.md
70 silly gunzTarPerm modified mode [ 'README.md', 420, 438 ]
71 silly gunzTarPerm extractEntry LICENSE
72 silly gunzTarPerm modified mode [ 'LICENSE', 420, 438 ]
73 silly gunzTarPerm extractEntry bcrypt.js
74 silly gunzTarPerm modified mode [ 'bcrypt.js', 420, 438 ]
75 silly gunzTarPerm extractEntry Makefile
76 silly gunzTarPerm modified mode [ 'Makefile', 420, 438 ]
77 silly gunzTarPerm extractEntry .travis.yml
78 silly gunzTarPerm modified mode [ '.travis.yml', 420, 438 ]
79 silly gunzTarPerm extractEntry CHANGELOG.md
80 silly gunzTarPerm modified mode [ 'CHANGELOG.md', 420, 438 ]
81 silly gunzTarPerm extractEntry binding.gyp
82 silly gunzTarPerm modified mode [ 'binding.gyp', 420, 438 ]
83 silly gunzTarPerm extractEntry examples/async_compare.js
84 silly gunzTarPerm modified mode [ 'examples/async_compare.js', 420, 438 ]
85 silly gunzTarPerm extractEntry examples/forever_gen_salt.js
86 silly gunzTarPerm modified mode [ 'examples/forever_gen_salt.js', 420, 438 ]
87 silly gunzTarPerm extractEntry test/async.js
88 silly gunzTarPerm modified mode [ 'test/async.js', 420, 438 ]
89 silly gunzTarPerm extractEntry test/repetitions.js
90 silly gunzTarPerm modified mode [ 'test/repetitions.js', 420, 438 ]
91 silly gunzTarPerm extractEntry test/sync.js
92 silly gunzTarPerm modified mode [ 'test/sync.js', 420, 438 ]
93 silly gunzTarPerm extractEntry src/bcrypt.cc
94 silly gunzTarPerm modified mode [ 'src/bcrypt.cc', 420, 438 ]
95 silly gunzTarPerm extractEntry src/bcrypt_node.cc
96 silly gunzTarPerm modified mode [ 'src/bcrypt_node.cc', 420, 438 ]
97 silly gunzTarPerm extractEntry src/blowfish.cc
98 silly gunzTarPerm modified mode [ 'src/blowfish.cc', 420, 438 ]
99 silly gunzTarPerm extractEntry src/node_blf.h
100 silly gunzTarPerm modified mode [ 'src/node_blf.h', 420, 438 ]
101 silly gunzTarPerm extractEntry werker.yml
102 silly gunzTarPerm modified mode [ 'werker.yml', 420, 438 ]
103 verbose write writing to C:\Users\nitins\workspace\idea\node_modules\bcrypt\package.json
104 info preinstall bcrypt@0.8.6
105 verbose readDependencies loading dependencies from C:\Users\nitins\workspace\idea\node_modules\bcrypt\package.json
106 silly prepareForInstallMany adding bindings@1.2.1 from bcrypt dependencies
107 silly prepareForInstallMany adding nan@2.2.1 from bcrypt dependencies
108 verbose readDependencies loading dependencies from C:\Users\nitins\workspace\idea\node_modules\bcrypt\package.json
109 silly cache add args [ 'bindings@1.2.1', null ]
110 verbose cache add spec bindings@1.2.1
111 silly cache add args [ 'nan@2.2.1', null ]
112 verbose cache add spec nan@2.2.1
113 silly cache add parsed spec Result {
113 silly cache add   raw: 'bindings@1.2.1',
113 silly cache add   scope: null,
113 silly cache add   name: 'bindings',
113 silly cache add   rawSpec: '1.2.1',
113 silly cache add   spec: '1.2.1',
113 silly cache add   type: 'version' }
114 silly addNamed bindings@1.2.1
115 verbose addNamed "1.2.1" is a plain semver version for bindings
116 silly mapToRegistry name bindings
117 silly mapToRegistry using default registry
118 silly mapToRegistry registry https://registry.npmjs.org/
119 silly mapToRegistry data Result {
119 silly mapToRegistry   raw: 'bindings',
119 silly mapToRegistry   scope: null,
119 silly mapToRegistry   name: 'bindings',
119 silly mapToRegistry   rawSpec: '',
119 silly mapToRegistry   spec: 'latest',
119 silly mapToRegistry   type: 'tag' }
120 silly mapToRegistry uri https://registry.npmjs.org/bindings
121 verbose addNameVersion registry:https://registry.npmjs.org/bindings not in flight; fetching
122 silly cache add parsed spec Result {
122 silly cache add   raw: 'nan@2.2.1',
122 silly cache add   scope: null,
122 silly cache add   name: 'nan',
122 silly cache add   rawSpec: '2.2.1',
122 silly cache add   spec: '2.2.1',
122 silly cache add   type: 'version' }
123 silly addNamed nan@2.2.1
124 verbose addNamed "2.2.1" is a plain semver version for nan
125 silly mapToRegistry name nan
126 silly mapToRegistry using default registry
127 silly mapToRegistry registry https://registry.npmjs.org/
128 silly mapToRegistry data Result {
128 silly mapToRegistry   raw: 'nan',
128 silly mapToRegistry   scope: null,
128 silly mapToRegistry   name: 'nan',
128 silly mapToRegistry   rawSpec: '',
128 silly mapToRegistry   spec: 'latest',
128 silly mapToRegistry   type: 'tag' }
129 silly mapToRegistry uri https://registry.npmjs.org/nan
130 verbose addNameVersion registry:https://registry.npmjs.org/nan not in flight; fetching
131 verbose request uri https://registry.npmjs.org/bindings
132 verbose request no auth needed
133 info attempt registry request try #1 at 8:34:04 PM
134 verbose etag "1LLBF9OH58DLBEL4629U6032D"
135 http request GET https://registry.npmjs.org/bindings
136 info retry will retry, error on last attempt: Error: getaddrinfo ENOTFOUND registry.npmjs.org registry.npmjs.org:443
137 verbose request uri https://registry.npmjs.org/nan
138 verbose request no auth needed
139 info attempt registry request try #1 at 8:34:04 PM
140 verbose etag "24B26O57Z0ASCDVIYEYKA8KVW"
141 http request GET https://registry.npmjs.org/nan
142 info retry will retry, error on last attempt: Error: getaddrinfo ENOTFOUND registry.npmjs.org registry.npmjs.org:443
143 info attempt registry request try #2 at 8:34:14 PM
144 verbose etag "1LLBF9OH58DLBEL4629U6032D"
145 http request GET https://registry.npmjs.org/bindings
146 info retry will retry, error on last attempt: Error: getaddrinfo ENOTFOUND registry.npmjs.org registry.npmjs.org:443
147 info attempt registry request try #2 at 8:34:14 PM
148 verbose etag "24B26O57Z0ASCDVIYEYKA8KVW"
149 http request GET https://registry.npmjs.org/nan
150 info retry will retry, error on last attempt: Error: getaddrinfo ENOTFOUND registry.npmjs.org registry.npmjs.org:443
151 info attempt registry request try #3 at 8:35:14 PM
152 verbose etag "1LLBF9OH58DLBEL4629U6032D"
153 http request GET https://registry.npmjs.org/bindings
154 silly get cb [ 304, undefined ]
155 verbose etag https://registry.npmjs.org/bindings from cache
156 verbose get saving bindings to C:\Users\nitins\AppData\Roaming\npm-cache\registry.npmjs.org\bindings\.cache.json
157 verbose correctMkdir C:\Users\nitins\AppData\Roaming\npm-cache correctMkdir not in flight; initializing
158 info attempt registry request try #3 at 8:35:14 PM
159 verbose etag "24B26O57Z0ASCDVIYEYKA8KVW"
160 http request GET https://registry.npmjs.org/nan
161 silly get cb [ 304, undefined ]
162 verbose etag https://registry.npmjs.org/nan from cache
163 verbose get saving nan to C:\Users\nitins\AppData\Roaming\npm-cache\registry.npmjs.org\nan\.cache.json
164 verbose correctMkdir C:\Users\nitins\AppData\Roaming\npm-cache correctMkdir not in flight; initializing
165 silly cache afterAdd bindings@1.2.1
166 verbose afterAdd C:\Users\nitins\AppData\Roaming\npm-cache\bindings\1.2.1\package\package.json not in flight; writing
167 verbose correctMkdir C:\Users\nitins\AppData\Roaming\npm-cache correctMkdir not in flight; initializing
168 verbose afterAdd C:\Users\nitins\AppData\Roaming\npm-cache\bindings\1.2.1\package\package.json written
169 silly cache afterAdd nan@2.2.1
170 verbose afterAdd C:\Users\nitins\AppData\Roaming\npm-cache\nan\2.2.1\package\package.json not in flight; writing
171 verbose correctMkdir C:\Users\nitins\AppData\Roaming\npm-cache correctMkdir not in flight; initializing
172 verbose afterAdd C:\Users\nitins\AppData\Roaming\npm-cache\nan\2.2.1\package\package.json written
173 silly install resolved [ { name: 'bindings',
173 silly install resolved     description: 'Helper module for loading your native module\'s .node file',
173 silly install resolved     keywords: [ 'native', 'addon', 'bindings', 'gyp', 'waf', 'c', 'c++' ],
173 silly install resolved     version: '1.2.1',
173 silly install resolved     author:
173 silly install resolved      { name: 'Nathan Rajlich',
173 silly install resolved        email: 'nathan@tootallnate.net',
173 silly install resolved        url: 'http://tootallnate.net' },
173 silly install resolved     repository:
173 silly install resolved      { type: 'git',
173 silly install resolved        url: 'git://github.com/TooTallNate/node-bindings.git' },
173 silly install resolved     main: './bindings.js',
173 silly install resolved     bugs: { url: 'https://github.com/TooTallNate/node-bindings/issues' },
173 silly install resolved     homepage: 'https://github.com/TooTallNate/node-bindings',
173 silly install resolved     license: 'MIT',
173 silly install resolved     gitHead: 'e404152ee27f8478ccbc7122ee051246e8e5ec02',
173 silly install resolved     _id: 'bindings@1.2.1',
173 silly install resolved     scripts: {},
173 silly install resolved     _shasum: '14ad6113812d2d37d72e67b4cacb4bb726505f11',
173 silly install resolved     _from: 'bindings@1.2.1',
173 silly install resolved     _npmVersion: '1.4.14',
173 silly install resolved     _npmUser: { name: 'tootallnate', email: 'nathan@tootallnate.net' },
173 silly install resolved     maintainers: [ [Object], [Object] ],
173 silly install resolved     dist:
173 silly install resolved      { shasum: '14ad6113812d2d37d72e67b4cacb4bb726505f11',
173 silly install resolved        tarball: 'https://registry.npmjs.org/bindings/-/bindings-1.2.1.tgz' },
173 silly install resolved     directories: {},
173 silly install resolved     _resolved: 'https://registry.npmjs.org/bindings/-/bindings-1.2.1.tgz',
173 silly install resolved     readme: 'ERROR: No README data found!' },
173 silly install resolved   { name: 'nan',
173 silly install resolved     version: '2.2.1',
173 silly install resolved     description: 'Native Abstractions for Node.js: C++ header for Node 0.8 -> 4 compatibility',
173 silly install resolved     main: 'include_dirs.js',
173 silly install resolved     repository: { type: 'git', url: 'git://github.com/nodejs/nan.git' },
173 silly install resolved     scripts:
173 silly install resolved      { test: 'tap --gc test/js/*-test.js',
173 silly install resolved        'rebuild-tests': 'node-gyp rebuild --msvs_version=2013 --directory test',
173 silly install resolved        docs: 'doc/.build.sh' },
173 silly install resolved     contributors:
173 silly install resolved      [ [Object],
173 silly install resolved        [Object],
173 silly install resolved        [Object],
173 silly install resolved        [Object],
173 silly install resolved        [Object],
173 silly install resolved        [Object],
173 silly install resolved        [Object] ],
173 silly install resolved     devDependencies:
173 silly install resolved      { bindings: '~1.2.1',
173 silly install resolved        commander: '^2.8.1',
173 silly install resolved        glob: '^5.0.14',
173 silly install resolved        'node-gyp': '~3.0.1',
173 silly install resolved        tap: '~0.7.1',
173 silly install resolved        xtend: '~4.0.0' },
173 silly install resolved     license: 'MIT',
173 silly install resolved     bugs: { url: 'https://github.com/nodejs/nan/issues' },
173 silly install resolved     homepage: 'https://github.com/nodejs/nan#readme',
173 silly install resolved     _id: 'nan@2.2.1',
173 silly install resolved     _shasum: 'd68693f6b34bb41d66bc68b3a4f9defc79d7149b',
173 silly install resolved     _resolved: 'https://registry.npmjs.org/nan/-/nan-2.2.1.tgz',
173 silly install resolved     _from: 'nan@2.2.1',
173 silly install resolved     _npmVersion: '3.3.6',
173 silly install resolved     _nodeVersion: '5.0.0',
173 silly install resolved     _npmUser: { name: 'kkoopa', email: 'bbyholm@abo.fi' },
173 silly install resolved     dist:
173 silly install resolved      { shasum: 'd68693f6b34bb41d66bc68b3a4f9defc79d7149b',
173 silly install resolved        tarball: 'https://registry.npmjs.org/nan/-/nan-2.2.1.tgz' },
173 silly install resolved     maintainers: [ [Object], [Object] ],
173 silly install resolved     _npmOperationalInternal:
173 silly install resolved      { host: 'packages-12-west.internal.npmjs.com',
173 silly install resolved        tmp: 'tmp/nan-2.2.1.tgz_1459265439909_0.12396649201400578' },
173 silly install resolved     directories: {},
173 silly install resolved     readme: 'ERROR: No README data found!' } ]
174 info install bindings@1.2.1 into C:\Users\nitins\workspace\idea\node_modules\bcrypt
175 info install nan@2.2.1 into C:\Users\nitins\workspace\idea\node_modules\bcrypt
176 info installOne bindings@1.2.1
177 verbose installOne of bindings to C:\Users\nitins\workspace\idea\node_modules\bcrypt not in flight; installing
178 verbose correctMkdir C:\Users\nitins\AppData\Roaming\npm-cache\_locks correctMkdir not in flight; initializing
179 info installOne nan@2.2.1
180 verbose installOne of nan to C:\Users\nitins\workspace\idea\node_modules\bcrypt not in flight; installing
181 verbose correctMkdir C:\Users\nitins\AppData\Roaming\npm-cache\_locks correctMkdir not in flight; initializing
182 verbose lock using C:\Users\nitins\AppData\Roaming\npm-cache\_locks\bindings-e0ccd4af3b52c6fc.lock for C:\Users\nitins\workspace\idea\node_modules\bcrypt\node_modules\bindings
183 verbose lock using C:\Users\nitins\AppData\Roaming\npm-cache\_locks\nan-be484fd805de3ffd.lock for C:\Users\nitins\workspace\idea\node_modules\bcrypt\node_modules\nan
184 silly install write writing bindings 1.2.1 to C:\Users\nitins\workspace\idea\node_modules\bcrypt\node_modules\bindings
185 silly install write writing nan 2.2.1 to C:\Users\nitins\workspace\idea\node_modules\bcrypt\node_modules\nan
186 verbose unbuild node_modules\bcrypt\node_modules\bindings
187 verbose unbuild node_modules\bcrypt\node_modules\nan
188 silly gentlyRm C:\Users\nitins\workspace\idea\node_modules\bcrypt\node_modules\bindings is being purged from base C:\Users\nitins\workspace\idea
189 verbose gentlyRm don't care about contents; nuking C:\Users\nitins\workspace\idea\node_modules\bcrypt\node_modules\bindings
190 silly gentlyRm C:\Users\nitins\workspace\idea\node_modules\bcrypt\node_modules\nan is being purged from base C:\Users\nitins\workspace\idea
191 verbose gentlyRm don't care about contents; nuking C:\Users\nitins\workspace\idea\node_modules\bcrypt\node_modules\nan
192 verbose tar unpack C:\Users\nitins\AppData\Roaming\npm-cache\bindings\1.2.1\package.tgz
193 verbose tar unpacking to C:\Users\nitins\workspace\idea\node_modules\bcrypt\node_modules\bindings
194 silly gentlyRm C:\Users\nitins\workspace\idea\node_modules\bcrypt\node_modules\bindings is being purged
195 verbose gentlyRm don't care about contents; nuking C:\Users\nitins\workspace\idea\node_modules\bcrypt\node_modules\bindings
196 verbose tar unpack C:\Users\nitins\AppData\Roaming\npm-cache\nan\2.2.1\package.tgz
197 verbose tar unpacking to C:\Users\nitins\workspace\idea\node_modules\bcrypt\node_modules\nan
198 silly gentlyRm C:\Users\nitins\workspace\idea\node_modules\bcrypt\node_modules\nan is being purged
199 verbose gentlyRm don't care about contents; nuking C:\Users\nitins\workspace\idea\node_modules\bcrypt\node_modules\nan
200 silly gunzTarPerm modes [ '777', '666' ]
201 silly gunzTarPerm modes [ '777', '666' ]
202 silly gunzTarPerm extractEntry package.json
203 silly gunzTarPerm modified mode [ 'package.json', 420, 438 ]
204 silly gunzTarPerm extractEntry package.json
205 silly gunzTarPerm modified mode [ 'package.json', 436, 438 ]
206 silly gunzTarPerm extractEntry README.md
207 silly gunzTarPerm modified mode [ 'README.md', 420, 438 ]
208 silly gunzTarPerm extractEntry bindings.js
209 silly gunzTarPerm modified mode [ 'bindings.js', 420, 438 ]
210 silly gunzTarPerm extractEntry include_dirs.js
211 silly gunzTarPerm modified mode [ 'include_dirs.js', 436, 438 ]
212 silly gunzTarPerm extractEntry nan_converters.h
213 silly gunzTarPerm modified mode [ 'nan_converters.h', 436, 438 ]
214 silly gunzTarPerm extractEntry LICENSE.md
215 silly gunzTarPerm modified mode [ 'LICENSE.md', 436, 438 ]
216 silly gunzTarPerm extractEntry .dntrc
217 silly gunzTarPerm modified mode [ '.dntrc', 436, 438 ]
218 silly gunzTarPerm extractEntry appveyor.yml
219 silly gunzTarPerm modified mode [ 'appveyor.yml', 436, 438 ]
220 silly gunzTarPerm extractEntry doc/new.md
221 silly gunzTarPerm modified mode [ 'doc/new.md', 436, 438 ]
222 silly gunzTarPerm extractEntry doc/.build.sh
223 silly gunzTarPerm modified mode [ 'doc/.build.sh', 509, 511 ]
224 silly gunzTarPerm extractEntry doc/buffers.md
225 silly gunzTarPerm modified mode [ 'doc/buffers.md', 436, 438 ]
226 silly gunzTarPerm extractEntry doc/callback.md
227 silly gunzTarPerm modified mode [ 'doc/callback.md', 436, 438 ]
228 silly gunzTarPerm extractEntry doc/converters.md
229 silly gunzTarPerm modified mode [ 'doc/converters.md', 436, 438 ]
230 silly gunzTarPerm extractEntry doc/errors.md
231 silly gunzTarPerm modified mode [ 'doc/errors.md', 436, 438 ]
232 silly gunzTarPerm extractEntry doc/maybe_types.md
233 silly gunzTarPerm modified mode [ 'doc/maybe_types.md', 436, 438 ]
234 silly gunzTarPerm extractEntry doc/methods.md
235 silly gunzTarPerm modified mode [ 'doc/methods.md', 436, 438 ]
236 verbose write writing to C:\Users\nitins\workspace\idea\node_modules\bcrypt\node_modules\bindings\package.json
237 silly gunzTarPerm extractEntry doc/asyncworker.md
238 silly gunzTarPerm modified mode [ 'doc/asyncworker.md', 436, 438 ]
239 silly gunzTarPerm extractEntry doc/node_misc.md
240 silly gunzTarPerm modified mode [ 'doc/node_misc.md', 436, 438 ]
241 silly gunzTarPerm extractEntry doc/object_wrappers.md
242 silly gunzTarPerm modified mode [ 'doc/object_wrappers.md', 436, 438 ]
243 silly gunzTarPerm extractEntry doc/persistent.md
244 silly gunzTarPerm modified mode [ 'doc/persistent.md', 436, 438 ]
245 info preinstall bindings@1.2.1
246 verbose readDependencies loading dependencies from C:\Users\nitins\workspace\idea\node_modules\bcrypt\node_modules\bindings\package.json
247 verbose readDependencies loading dependencies from C:\Users\nitins\workspace\idea\node_modules\bcrypt\node_modules\bindings\package.json
248 silly gunzTarPerm extractEntry doc/scopes.md
249 silly gunzTarPerm modified mode [ 'doc/scopes.md', 436, 438 ]
250 silly gunzTarPerm extractEntry doc/script.md
251 silly gunzTarPerm modified mode [ 'doc/script.md', 436, 438 ]
252 silly install resolved []
253 verbose about to build C:\Users\nitins\workspace\idea\node_modules\bcrypt\node_modules\bindings
254 info build C:\Users\nitins\workspace\idea\node_modules\bcrypt\node_modules\bindings
255 info linkStuff bindings@1.2.1
256 silly linkStuff bindings@1.2.1 has C:\Users\nitins\workspace\idea\node_modules\bcrypt\node_modules as its parent node_modules
257 silly gunzTarPerm extractEntry doc/string_bytes.md
258 silly gunzTarPerm modified mode [ 'doc/string_bytes.md', 436, 438 ]
259 silly gunzTarPerm extractEntry doc/v8_internals.md
260 silly gunzTarPerm modified mode [ 'doc/v8_internals.md', 436, 438 ]
261 verbose linkBins bindings@1.2.1
262 verbose linkMans bindings@1.2.1
263 verbose rebuildBundles bindings@1.2.1
264 info install bindings@1.2.1
265 silly gunzTarPerm extractEntry doc/v8_misc.md
266 silly gunzTarPerm modified mode [ 'doc/v8_misc.md', 436, 438 ]
267 silly gunzTarPerm extractEntry nan.h
268 silly gunzTarPerm modified mode [ 'nan.h', 436, 438 ]
269 info postinstall bindings@1.2.1
270 verbose unlock done using C:\Users\nitins\AppData\Roaming\npm-cache\_locks\bindings-e0ccd4af3b52c6fc.lock for C:\Users\nitins\workspace\idea\node_modules\bcrypt\node_modules\bindings
271 silly gunzTarPerm extractEntry nan_callbacks.h
272 silly gunzTarPerm modified mode [ 'nan_callbacks.h', 436, 438 ]
273 silly gunzTarPerm extractEntry nan_callbacks_12_inl.h
274 silly gunzTarPerm modified mode [ 'nan_callbacks_12_inl.h', 436, 438 ]
275 silly gunzTarPerm extractEntry nan_callbacks_pre_12_inl.h
276 silly gunzTarPerm modified mode [ 'nan_callbacks_pre_12_inl.h', 436, 438 ]
277 silly gunzTarPerm extractEntry nan_converters_43_inl.h
278 silly gunzTarPerm modified mode [ 'nan_converters_43_inl.h', 436, 438 ]
279 silly gunzTarPerm extractEntry nan_converters_pre_43_inl.h
280 silly gunzTarPerm modified mode [ 'nan_converters_pre_43_inl.h', 436, 438 ]
281 silly gunzTarPerm extractEntry nan_implementation_12_inl.h
282 silly gunzTarPerm modified mode [ 'nan_implementation_12_inl.h', 436, 438 ]
283 silly gunzTarPerm extractEntry nan_implementation_pre_12_inl.h
284 silly gunzTarPerm modified mode [ 'nan_implementation_pre_12_inl.h', 436, 438 ]
285 silly gunzTarPerm extractEntry nan_maybe_43_inl.h
286 silly gunzTarPerm modified mode [ 'nan_maybe_43_inl.h', 436, 438 ]
287 silly gunzTarPerm extractEntry nan_maybe_pre_43_inl.h
288 silly gunzTarPerm modified mode [ 'nan_maybe_pre_43_inl.h', 436, 438 ]
289 silly gunzTarPerm extractEntry nan_new.h
290 silly gunzTarPerm modified mode [ 'nan_new.h', 436, 438 ]
291 silly gunzTarPerm extractEntry nan_object_wrap.h
292 silly gunzTarPerm modified mode [ 'nan_object_wrap.h', 436, 438 ]
293 silly gunzTarPerm extractEntry nan_persistent_12_inl.h
294 silly gunzTarPerm modified mode [ 'nan_persistent_12_inl.h', 436, 438 ]
295 silly gunzTarPerm extractEntry nan_persistent_pre_12_inl.h
296 silly gunzTarPerm modified mode [ 'nan_persistent_pre_12_inl.h', 436, 438 ]
297 silly gunzTarPerm extractEntry nan_string_bytes.h
298 silly gunzTarPerm modified mode [ 'nan_string_bytes.h', 436, 438 ]
299 silly gunzTarPerm extractEntry nan_typedarray_contents.h
300 silly gunzTarPerm modified mode [ 'nan_typedarray_contents.h', 436, 438 ]
301 silly gunzTarPerm extractEntry nan_weak.h
302 silly gunzTarPerm modified mode [ 'nan_weak.h', 436, 438 ]
303 silly gunzTarPerm extractEntry CHANGELOG.md
304 silly gunzTarPerm modified mode [ 'CHANGELOG.md', 436, 438 ]
305 silly gunzTarPerm extractEntry tools/package.json
306 silly gunzTarPerm modified mode [ 'tools/package.json', 436, 438 ]
307 silly gunzTarPerm extractEntry tools/README.md
308 silly gunzTarPerm modified mode [ 'tools/README.md', 436, 438 ]
309 silly gunzTarPerm extractEntry tools/1to2.js
310 silly gunzTarPerm modified mode [ 'tools/1to2.js', 509, 511 ]
311 verbose write writing to C:\Users\nitins\workspace\idea\node_modules\bcrypt\node_modules\nan\package.json
312 info preinstall nan@2.2.1
313 verbose readDependencies loading dependencies from C:\Users\nitins\workspace\idea\node_modules\bcrypt\node_modules\nan\package.json
314 verbose readDependencies loading dependencies from C:\Users\nitins\workspace\idea\node_modules\bcrypt\node_modules\nan\package.json
315 silly install resolved []
316 verbose about to build C:\Users\nitins\workspace\idea\node_modules\bcrypt\node_modules\nan
317 info build C:\Users\nitins\workspace\idea\node_modules\bcrypt\node_modules\nan
318 info linkStuff nan@2.2.1
319 silly linkStuff nan@2.2.1 has C:\Users\nitins\workspace\idea\node_modules\bcrypt\node_modules as its parent node_modules
320 verbose linkBins nan@2.2.1
321 verbose linkMans nan@2.2.1
322 verbose rebuildBundles nan@2.2.1
323 info install nan@2.2.1
324 info postinstall nan@2.2.1
325 verbose unlock done using C:\Users\nitins\AppData\Roaming\npm-cache\_locks\nan-be484fd805de3ffd.lock for C:\Users\nitins\workspace\idea\node_modules\bcrypt\node_modules\nan
326 verbose about to build C:\Users\nitins\workspace\idea\node_modules\bcrypt
327 info build C:\Users\nitins\workspace\idea\node_modules\bcrypt
328 info linkStuff bcrypt@0.8.6
329 silly linkStuff bcrypt@0.8.6 has C:\Users\nitins\workspace\idea\node_modules as its parent node_modules
330 verbose linkBins bcrypt@0.8.6
331 verbose linkMans bcrypt@0.8.6
332 verbose rebuildBundles bcrypt@0.8.6
333 verbose rebuildBundles [ 'bindings', 'nan' ]
334 info install bcrypt@0.8.6
335 verbose unsafe-perm in lifecycle true
336 info bcrypt@0.8.6 Failed to exec install script
337 verbose unlock done using C:\Users\nitins\AppData\Roaming\npm-cache\_locks\bcrypt-6d21fda6793bb482.lock for C:\Users\nitins\workspace\idea\node_modules\bcrypt
338 verbose stack Error: bcrypt@0.8.6 install: `node-gyp rebuild`
338 verbose stack Exit status 1
338 verbose stack     at EventEmitter.<anonymous> (C:\Program Files\nodejs\node_modules\npm\lib\utils\lifecycle.js:217:16)
338 verbose stack     at emitTwo (events.js:87:13)
338 verbose stack     at EventEmitter.emit (events.js:172:7)
338 verbose stack     at ChildProcess.<anonymous> (C:\Program Files\nodejs\node_modules\npm\lib\utils\spawn.js:24:14)
338 verbose stack     at emitTwo (events.js:87:13)
338 verbose stack     at ChildProcess.emit (events.js:172:7)
338 verbose stack     at maybeClose (internal/child_process.js:827:16)
338 verbose stack     at Process.ChildProcess._handle.onexit (internal/child_process.js:211:5)
339 verbose pkgid bcrypt@0.8.6
340 verbose cwd C:\Users\nitins\workspace\idea
341 error Windows_NT 6.3.9600
342 error argv "C:\\Program Files\\nodejs\\node.exe" "C:\\Program Files\\nodejs\\node_modules\\npm\\bin\\npm-cli.js" "install" "bcrypt" "--save"
343 error node v4.4.3
344 error npm  v2.15.1
345 error code ELIFECYCLE
346 error bcrypt@0.8.6 install: `node-gyp rebuild`
346 error Exit status 1
347 error Failed at the bcrypt@0.8.6 install script 'node-gyp rebuild'.
347 error This is most likely a problem with the bcrypt package,
347 error not with npm itself.
347 error Tell the author that this fails on your system:
347 error     node-gyp rebuild
347 error You can get information on how to open an issue for this project with:
347 error     npm bugs bcrypt
347 error Or if that isn't available, you can get their info via:
347 error
347 error     npm owner ls bcrypt
347 error There is likely additional logging output above.
348 verbose exit [ 1, true ]
349 verbose unbuild node_modules\bcrypt
350 info preuninstall bcrypt@0.8.6
351 info uninstall bcrypt@0.8.6
352 verbose unbuild rmStuff bcrypt@0.8.6 from C:\Users\nitins\workspace\idea\node_modules
353 info postuninstall bcrypt@0.8.6
354 silly gentlyRm C:\Users\nitins\workspace\idea\node_modules\bcrypt is being purged from base C:\Users\nitins\workspace\idea
355 verbose gentlyRm don't care about contents; nuking C:\Users\nitins\workspace\idea\node_modules\bcrypt
356 silly vacuum-fs purging C:\Users\nitins\workspace\idea\node_modules\bcrypt
357 silly vacuum-fs quitting because other entries in C:\Users\nitins\workspace\idea\node_modules
